# JRE version: OpenJDK Runtime Environment Temurin-21.0.8+9 (21.0.8+9) (build 21.0.8+9-LTS)
# Java VM: OpenJDK 64-Bit Server VM Temurin-21.0.8+9 (21.0.8+9-LTS, mixed mode, sharing, tiered, compressed oops, compressed class ptrs, parallel gc, windows-amd64)
GC Precious Log:
 CardTable entry size: 512
 CPUs: 8 total, 8 available
 Memory: 16251M
 Large Page Support: Disabled
 NUMA Support: Disabled
 Compressed Oops: Enabled (32-bit)
 Alignments: Space 512K, Generation 512K, Heap 2M
 Heap Min Capacity: 100M
 Heap Initial Capacity: 100M
 Heap Max Capacity: 2G
 Pre-touch: Disabled
 Parallel Workers: 8
Heap:
 PSYoungGen      total 3072K, used 506K [0x00000000d5580000, 0x00000000d5a00000, 0x0000000100000000)
  eden space 2560K, 12% used [0x00000000d5580000,0x00000000d55ceac8,0x00000000d5800000)
  from space 512K, 37% used [0x00000000d5800000,0x00000000d5830000,0x00000000d5880000)
  to   space 1024K, 0% used [0x00000000d5900000,0x00000000d5900000,0x00000000d5a00000)
 ParOldGen       total 1208832K, used 1208414K [0x0000000080000000, 0x00000000c9c80000, 0x00000000d5580000)
  object space 1208832K, 99% used [0x0000000080000000,0x00000000c9c17af8,0x00000000c9c80000)
 Metaspace       used 84235K, committed 85760K, reserved 1179648K
  class space    used 8165K, committed 8896K, reserved 1048576K
GC Heap History (20 events):
Event: 11064.592 GC heap before
{Heap before GC invocations=4193 (full 6):
 PSYoungGen      total 4608K, used 4256K [0x00000000d5580000, 0x00000000d5c00000, 0x0000000100000000)
  eden space 4096K, 100% used [0x00000000d5580000,0x00000000d5980000,0x00000000d5980000)
  from space 512K, 31% used [0x00000000d5980000,0x00000000d59a8000,0x00000000d5a00000)
  to   space 1024K, 0% used [0x00000000d5b00000,0x00000000d5b00000,0x00000000d5c00000)
 ParOldGen       total 1204736K, used 1204628K [0x0000000080000000, 0x00000000c9880000, 0x00000000d5580000)
  object space 1204736K, 99% used [0x0000000080000000,0x00000000c9865128,0x00000000c9880000)
 Metaspace       used 84213K, committed 85696K, reserved 1179648K
  class space    used 8165K, committed 8896K, reserved 1048576K
}
Event: 11064.594 GC heap after
{Heap after GC invocations=4193 (full 6):
 PSYoungGen      total 4608K, used 378K [0x00000000d5580000, 0x00000000d5b80000, 0x0000000100000000)
  eden space 4096K, 0% used [0x00000000d5580000,0x00000000d5580000,0x00000000d5980000)
  from space 512K, 73% used [0x00000000d5b00000,0x00000000d5b5e900,0x00000000d5b80000)
  to   space 512K, 0% used [0x00000000d5980000,0x00000000d5980000,0x00000000d5a00000)
 ParOldGen       total 1204736K, used 1204676K [0x0000000080000000, 0x00000000c9880000, 0x00000000d5580000)
  object space 1204736K, 99% used [0x0000000080000000,0x00000000c9871128,0x00000000c9880000)
 Metaspace       used 84213K, committed 85696K, reserved 1179648K
  class space    used 8165K, committed 8896K, reserved 1048576K
}
Event: 11064.621 GC heap before
{Heap before GC invocations=4194 (full 6):
 PSYoungGen      total 4608K, used 4474K [0x00000000d5580000, 0x00000000d5b80000, 0x0000000100000000)
  eden space 4096K, 100% used [0x00000000d5580000,0x00000000d5980000,0x00000000d5980000)
  from space 512K, 73% used [0x00000000d5b00000,0x00000000d5b5e900,0x00000000d5b80000)
  to   space 512K, 0% used [0x00000000d5980000,0x00000000d5980000,0x00000000d5a00000)
 ParOldGen       total 1204736K, used 1204676K [0x0000000080000000, 0x00000000c9880000, 0x00000000d5580000)
  object space 1204736K, 99% used [0x0000000080000000,0x00000000c9871128,0x00000000c9880000)
 Metaspace       used 84213K, committed 85696K, reserved 1179648K
  class space    used 8165K, committed 8896K, reserved 1048576K
}
Event: 11064.625 GC heap after
{Heap after GC invocations=4194 (full 6):
 PSYoungGen      total 4608K, used 512K [0x00000000d5580000, 0x00000000d5b80000, 0x0000000100000000)
  eden space 4096K, 0% used [0x00000000d5580000,0x00000000d5580000,0x00000000d5980000)
  from space 512K, 100% used [0x00000000d5980000,0x00000000d5a00000,0x00000000d5a00000)
  to   space 1024K, 0% used [0x00000000d5a80000,0x00000000d5a80000,0x00000000d5b80000)
 ParOldGen       total 1205248K, used 1204798K [0x0000000080000000, 0x00000000c9900000, 0x00000000d5580000)
  object space 1205248K, 99% used [0x0000000080000000,0x00000000c988fa48,0x00000000c9900000)
 Metaspace       used 84213K, committed 85696K, reserved 1179648K
  class space    used 8165K, committed 8896K, reserved 1048576K
}
Event: 11064.652 GC heap before
{Heap before GC invocations=4195 (full 6):
 PSYoungGen      total 4608K, used 4608K [0x00000000d5580000, 0x00000000d5b80000, 0x0000000100000000)
  eden space 4096K, 100% used [0x00000000d5580000,0x00000000d5980000,0x00000000d5980000)
  from space 512K, 100% used [0x00000000d5980000,0x00000000d5a00000,0x00000000d5a00000)
  to   space 1024K, 0% used [0x00000000d5a80000,0x00000000d5a80000,0x00000000d5b80000)
 ParOldGen       total 1205248K, used 1204798K [0x0000000080000000, 0x00000000c9900000, 0x00000000d5580000)
  object space 1205248K, 99% used [0x0000000080000000,0x00000000c988fa48,0x00000000c9900000)
 Metaspace       used 84213K, committed 85696K, reserved 1179648K
  class space    used 8165K, committed 8896K, reserved 1048576K
}
Event: 11064.657 GC heap after
{Heap after GC invocations=4195 (full 6):
 PSYoungGen      total 3584K, used 994K [0x00000000d5580000, 0x00000000d5e80000, 0x0000000100000000)
  eden space 2560K, 0% used [0x00000000d5580000,0x00000000d5580000,0x00000000d5800000)
  from space 1024K, 97% used [0x00000000d5a80000,0x00000000d5b788b0,0x00000000d5b80000)
  to   space 2560K, 0% used [0x00000000d5800000,0x00000000d5800000,0x00000000d5a80000)
 ParOldGen       total 1205760K, used 1205749K [0x0000000080000000, 0x00000000c9980000, 0x00000000d5580000)
  object space 1205760K, 99% used [0x0000000080000000,0x00000000c997d7b0,0x00000000c9980000)
 Metaspace       used 84213K, committed 85696K, reserved 1179648K
  class space    used 8165K, committed 8896K, reserved 1048576K
}
Event: 11064.669 GC heap before
{Heap before GC invocations=4196 (full 6):
 PSYoungGen      total 3584K, used 3554K [0x00000000d5580000, 0x00000000d5e80000, 0x0000000100000000)
  eden space 2560K, 100% used [0x00000000d5580000,0x00000000d5800000,0x00000000d5800000)
  from space 1024K, 97% used [0x00000000d5a80000,0x00000000d5b788b0,0x00000000d5b80000)
  to   space 2560K, 0% used [0x00000000d5800000,0x00000000d5800000,0x00000000d5a80000)
 ParOldGen       total 1205760K, used 1205749K [0x0000000080000000, 0x00000000c9980000, 0x00000000d5580000)
  object space 1205760K, 99% used [0x0000000080000000,0x00000000c997d7b0,0x00000000c9980000)
 Metaspace       used 84213K, committed 85696K, reserved 1179648K
  class space    used 8165K, committed 8896K, reserved 1048576K
}
Event: 11064.672 GC heap after
{Heap after GC invocations=4196 (full 6):
 PSYoungGen      total 3584K, used 946K [0x00000000d5580000, 0x00000000d5b00000, 0x0000000100000000)
  eden space 2560K, 0% used [0x00000000d5580000,0x00000000d5580000,0x00000000d5800000)
  from space 1024K, 92% used [0x00000000d5800000,0x00000000d58ec8c0,0x00000000d5900000)
  to   space 1536K, 0% used [0x00000000d5980000,0x00000000d5980000,0x00000000d5b00000)
 ParOldGen       total 1206784K, used 1206757K [0x0000000080000000, 0x00000000c9a80000, 0x00000000d5580000)
  object space 1206784K, 99% used [0x0000000080000000,0x00000000c9a797f0,0x00000000c9a80000)
 Metaspace       used 84213K, committed 85696K, reserved 1179648K
  class space    used 8165K, committed 8896K, reserved 1048576K
}
Event: 11064.686 GC heap before
{Heap before GC invocations=4197 (full 6):
 PSYoungGen      total 3584K, used 3506K [0x00000000d5580000, 0x00000000d5b00000, 0x0000000100000000)
  eden space 2560K, 100% used [0x00000000d5580000,0x00000000d5800000,0x00000000d5800000)
  from space 1024K, 92% used [0x00000000d5800000,0x00000000d58ec8c0,0x00000000d5900000)
  to   space 1536K, 0% used [0x00000000d5980000,0x00000000d5980000,0x00000000d5b00000)
 ParOldGen       total 1206784K, used 1206757K [0x0000000080000000, 0x00000000c9a80000, 0x00000000d5580000)
  object space 1206784K, 99% used [0x0000000080000000,0x00000000c9a797f0,0x00000000c9a80000)
 Metaspace       used 84213K, committed 85696K, reserved 1179648K
  class space    used 8165K, committed 8896K, reserved 1048576K
}
Event: 11064.688 GC heap after
{Heap after GC invocations=4197 (full 6):
 PSYoungGen      total 3072K, used 346K [0x00000000d5580000, 0x00000000d5a00000, 0x0000000100000000)
  eden space 2560K, 0% used [0x00000000d5580000,0x00000000d5580000,0x00000000d5800000)
  from space 512K, 67% used [0x00000000d5980000,0x00000000d59d6900,0x00000000d5a00000)
  to   space 1024K, 0% used [0x00000000d5800000,0x00000000d5800000,0x00000000d5900000)
 ParOldGen       total 1207296K, used 1206925K [0x0000000080000000, 0x00000000c9b00000, 0x00000000d5580000)
  object space 1207296K, 99% used [0x0000000080000000,0x00000000c9aa35d0,0x00000000c9b00000)
 Metaspace       used 84213K, committed 85696K, reserved 1179648K
  class space    used 8165K, committed 8896K, reserved 1048576K
}
Event: 11064.699 GC heap before
{Heap before GC invocations=4198 (full 6):
 PSYoungGen      total 3072K, used 2906K [0x00000000d5580000, 0x00000000d5a00000, 0x0000000100000000)
  eden space 2560K, 100% used [0x00000000d5580000,0x00000000d5800000,0x00000000d5800000)
  from space 512K, 67% used [0x00000000d5980000,0x00000000d59d6900,0x00000000d5a00000)
  to   space 1024K, 0% used [0x00000000d5800000,0x00000000d5800000,0x00000000d5900000)
 ParOldGen       total 1207296K, used 1206925K [0x0000000080000000, 0x00000000c9b00000, 0x00000000d5580000)
  object space 1207296K, 99% used [0x0000000080000000,0x00000000c9aa35d0,0x00000000c9b00000)
 Metaspace       used 84213K, committed 85696K, reserved 1179648K
  class space    used 8165K, committed 8896K, reserved 1048576K
}
Event: 11064.701 GC heap after
{Heap after GC invocations=4198 (full 6):
 PSYoungGen      total 3584K, used 468K [0x00000000d5580000, 0x00000000d5a00000, 0x0000000100000000)
  eden space 2560K, 0% used [0x00000000d5580000,0x00000000d5580000,0x00000000d5800000)
  from space 1024K, 45% used [0x00000000d5800000,0x00000000d5875200,0x00000000d5900000)
  to   space 512K, 0% used [0x00000000d5980000,0x00000000d5980000,0x00000000d5a00000)
 ParOldGen       total 1207296K, used 1206989K [0x0000000080000000, 0x00000000c9b00000, 0x00000000d5580000)
  object space 1207296K, 99% used [0x0000000080000000,0x00000000c9ab35d0,0x00000000c9b00000)
 Metaspace       used 84213K, committed 85696K, reserved 1179648K
  class space    used 8165K, committed 8896K, reserved 1048576K
}
Event: 11064.714 GC heap before
{Heap before GC invocations=4199 (full 6):
 PSYoungGen      total 3584K, used 3028K [0x00000000d5580000, 0x00000000d5a00000, 0x0000000100000000)
  eden space 2560K, 100% used [0x00000000d5580000,0x00000000d5800000,0x00000000d5800000)
  from space 1024K, 45% used [0x00000000d5800000,0x00000000d5875200,0x00000000d5900000)
  to   space 512K, 0% used [0x00000000d5980000,0x00000000d5980000,0x00000000d5a00000)
 ParOldGen       total 1207296K, used 1206989K [0x0000000080000000, 0x00000000c9b00000, 0x00000000d5580000)
  object space 1207296K, 99% used [0x0000000080000000,0x00000000c9ab35d0,0x00000000c9b00000)
 Metaspace       used 84213K, committed 85696K, reserved 1179648K
  class space    used 8165K, committed 8896K, reserved 1048576K
}
Event: 11064.717 GC heap after
{Heap after GC invocations=4199 (full 6):
 PSYoungGen      total 3072K, used 436K [0x00000000d5580000, 0x00000000d5a00000, 0x0000000100000000)
  eden space 2560K, 0% used [0x00000000d5580000,0x00000000d5580000,0x00000000d5800000)
  from space 512K, 85% used [0x00000000d5980000,0x00000000d59ed200,0x00000000d5a00000)
  to   space 512K, 0% used [0x00000000d5900000,0x00000000d5900000,0x00000000d5980000)
 ParOldGen       total 1207296K, used 1206997K [0x0000000080000000, 0x00000000c9b00000, 0x00000000d5580000)
  object space 1207296K, 99% used [0x0000000080000000,0x00000000c9ab55d0,0x00000000c9b00000)
 Metaspace       used 84213K, committed 85696K, reserved 1179648K
  class space    used 8165K, committed 8896K, reserved 1048576K
}
Event: 11064.729 GC heap before
{Heap before GC invocations=4200 (full 6):
 PSYoungGen      total 3072K, used 2996K [0x00000000d5580000, 0x00000000d5a00000, 0x0000000100000000)
  eden space 2560K, 100% used [0x00000000d5580000,0x00000000d5800000,0x00000000d5800000)
  from space 512K, 85% used [0x00000000d5980000,0x00000000d59ed200,0x00000000d5a00000)
  to   space 512K, 0% used [0x00000000d5900000,0x00000000d5900000,0x00000000d5980000)
 ParOldGen       total 1207296K, used 1206997K [0x0000000080000000, 0x00000000c9b00000, 0x00000000d5580000)
  object space 1207296K, 99% used [0x0000000080000000,0x00000000c9ab55d0,0x00000000c9b00000)
 Metaspace       used 84213K, committed 85696K, reserved 1179648K
  class space    used 8165K, committed 8896K, reserved 1048576K
}
Event: 11064.732 GC heap after
{Heap after GC invocations=4200 (full 6):
 PSYoungGen      total 3072K, used 512K [0x00000000d5580000, 0x00000000d5b00000, 0x0000000100000000)
  eden space 2560K, 0% used [0x00000000d5580000,0x00000000d5580000,0x00000000d5800000)
  from space 512K, 100% used [0x00000000d5900000,0x00000000d5980000,0x00000000d5980000)
  to   space 1536K, 0% used [0x00000000d5980000,0x00000000d5980000,0x00000000d5b00000)
 ParOldGen       total 1207808K, used 1207754K [0x0000000080000000, 0x00000000c9b80000, 0x00000000d5580000)
  object space 1207808K, 99% used [0x0000000080000000,0x00000000c9b729f8,0x00000000c9b80000)
 Metaspace       used 84213K, committed 85696K, reserved 1179648K
  class space    used 8165K, committed 8896K, reserved 1048576K
}
Event: 11064.749 GC heap before
{Heap before GC invocations=4201 (full 6):
 PSYoungGen      total 3072K, used 3072K [0x00000000d5580000, 0x00000000d5b00000, 0x0000000100000000)
  eden space 2560K, 100% used [0x00000000d5580000,0x00000000d5800000,0x00000000d5800000)
  from space 512K, 100% used [0x00000000d5900000,0x00000000d5980000,0x00000000d5980000)
  to   space 1536K, 0% used [0x00000000d5980000,0x00000000d5980000,0x00000000d5b00000)
 ParOldGen       total 1207808K, used 1207754K [0x0000000080000000, 0x00000000c9b80000, 0x00000000d5580000)
  object space 1207808K, 99% used [0x0000000080000000,0x00000000c9b729f8,0x00000000c9b80000)
 Metaspace       used 84213K, committed 85696K, reserved 1179648K
  class space    used 8165K, committed 8896K, reserved 1048576K
}
Event: 11064.755 GC heap after
{Heap after GC invocations=4201 (full 6):
 PSYoungGen      total 4096K, used 1154K [0x00000000d5580000, 0x00000000d5b00000, 0x0000000100000000)
  eden space 2560K, 0% used [0x00000000d5580000,0x00000000d5580000,0x00000000d5800000)
  from space 1536K, 75% used [0x00000000d5980000,0x00000000d5aa0af8,0x00000000d5b00000)
  to   space 1536K, 0% used [0x00000000d5800000,0x00000000d5800000,0x00000000d5980000)
 ParOldGen       total 1208320K, used 1208270K [0x0000000080000000, 0x00000000c9c00000, 0x00000000d5580000)
  object space 1208320K, 99% used [0x0000000080000000,0x00000000c9bf3a08,0x00000000c9c00000)
 Metaspace       used 84213K, committed 85696K, reserved 1179648K
  class space    used 8165K, committed 8896K, reserved 1048576K
}
Event: 11129.065 GC heap before
{Heap before GC invocations=4202 (full 6):
 PSYoungGen      total 4096K, used 3712K [0x00000000d5580000, 0x00000000d5b00000, 0x0000000100000000)
  eden space 2560K, 99% used [0x00000000d5580000,0x00000000d57ff8c0,0x00000000d5800000)
  from space 1536K, 75% used [0x00000000d5980000,0x00000000d5aa0af8,0x00000000d5b00000)
  to   space 1536K, 0% used [0x00000000d5800000,0x00000000d5800000,0x00000000d5980000)
 ParOldGen       total 1208320K, used 1208270K [0x0000000080000000, 0x00000000c9c00000, 0x00000000d5580000)
  object space 1208320K, 99% used [0x0000000080000000,0x00000000c9bf3a08,0x00000000c9c00000)
 Metaspace       used 84234K, committed 85760K, reserved 1179648K
  class space    used 8165K, committed 8896K, reserved 1048576K
}
Event: 11129.069 GC heap after
{Heap after GC invocations=4202 (full 6):
 PSYoungGen      total 3072K, used 192K [0x00000000d5580000, 0x00000000d5a00000, 0x0000000100000000)
  eden space 2560K, 0% used [0x00000000d5580000,0x00000000d5580000,0x00000000d5800000)
  from space 512K, 37% used [0x00000000d5800000,0x00000000d5830000,0x00000000d5880000)
  to   space 1024K, 0% used [0x00000000d5900000,0x00000000d5900000,0x00000000d5a00000)
 ParOldGen       total 1208832K, used 1208414K [0x0000000080000000, 0x00000000c9c80000, 0x00000000d5580000)
  object space 1208832K, 99% used [0x0000000080000000,0x00000000c9c17af8,0x00000000c9c80000)
 Metaspace       used 84234K, committed 85760K, reserved 1179648K
  class space    used 8165K, committed 8896K, reserved 1048576K
}

